<?xml version="1.0" encoding="UTF-8"?>
<testng-results skipped="0" failed="0" total="3" passed="3">
  <reporter-output>
  </reporter-output>
  <suite name="Suite" duration-ms="20623" started-at="2017-05-25T16:37:01Z" finished-at="2017-05-25T16:37:22Z">
    <groups>
    </groups>
    <test name="Test" duration-ms="20623" started-at="2017-05-25T16:37:01Z" finished-at="2017-05-25T16:37:22Z">
      <class name="com.selenium.Selenium">
        <test-method status="PASS" signature="launch()" name="launch" duration-ms="9994" started-at="2017-05-25T16:37:01Z" finished-at="2017-05-25T16:37:11Z">
        </test-method>
        <test-method status="PASS" signature="credentials()" name="credentials" duration-ms="403" started-at="2017-05-25T16:37:11Z" finished-at="2017-05-25T16:37:12Z">
        </test-method>
        <test-method status="PASS" signature="login()" name="login" duration-ms="10190" started-at="2017-05-25T16:37:12Z" finished-at="2017-05-25T16:37:22Z">
        </test-method>
      </class>
    </test>
  </suite>
</testng-results>
